nvidia@tegra-ubuntu:~/test_catkin_ws$ rosdep install --from-paths src --ignore-src --rosdistro=kinetic -y
executing command [sudo -H apt-get install -y git-core]
[sudo] password for nvidia: 
Reading package lists... Done
Building dependency tree       
Reading state information... Done
The following NEW packages will be installed:
  git-core
0 upgraded, 1 newly installed, 0 to remove and 149 not upgraded.
5 not fully installed or removed.
Need to get 1,464 B of archives.
After this operation, 8,192 B of additional disk space will be used.
Get:1 http://ports.ubuntu.com/ubuntu-ports xenial/main arm64 git-core all 1:2.7.4-0ubuntu1 [1,464 B]
Fetched 1,464 B in 0s (3,816 B/s)    
Selecting previously unselected package git-core.
(Reading database ... 247129 files and directories currently installed.)
Preparing to unpack .../git-core_1%3a2.7.4-0ubuntu1_all.deb ...
Unpacking git-core (1:2.7.4-0ubuntu1) ...
Setting up ros-kinetic-librealsense (1.12.1-0xenial-20180223-115111-0800) ...
WARNING: Locally installed librealsense components should removed:
         sudo rm -f /usr/local/lib/librealsense.so
         sudo rm -rf /usr/local/include/librealsense
         sudo rm -f /etc/udev/rules.d/99-realsense-libusb.rules
modinfo: ERROR: Module uvcvideo not found.
dpkg: error processing package ros-kinetic-librealsense (--configure):
 subprocess installed post-installation script returned error exit status 1
dpkg: dependency problems prevent configuration of ros-kinetic-realsense-camera:
 ros-kinetic-realsense-camera depends on ros-kinetic-librealsense; however:
  Package ros-kinetic-librealsense is not configured yet.

dpkg: error processing package ros-kinetic-realsense-camera (--configure):
 dependency problems - leaving unconfigured
dpkg: dependency problems prevent configuration of ros-kinetic-turtlebot-bringup:
 ros-kinetic-turtlebot-bringup depends on ros-kinetic-realsense-camera; however:
  Package ros-kinetic-realsense-camera is not configured yet.

dpkg: error processing package ros-kinetic-turtlebot-bringup (--configure):
 dependency problems - leaving unconfigured
dpkg: dependency problems prevent configuration of ros-kinetic-turtlebot-teleop:
 ros-kinetic-turtlebot-teleop depends on ros-kinetic-turtlebot-bringup; however:
  Package ros-kinetic-turtlebot-bringup is not configured yet.

dpkg: error processing package ros-kinetic-turtlebot-teleop (--configure):
 dependency problems - leNo apport report written because the error message indicates its a followup error from a previous failure.
                                                   No apport report written because the error message indicates its a followup error from a previous failure.
                                                                             No apport report written because MaxReports is reached already
                                                           No apport report written because MaxReports is reached already
                                         aving unconfigured
dpkg: dependency problems prevent configuration of ros-kinetic-turtlebot:
 ros-kinetic-turtlebot depends on ros-kinetic-turtlebot-bringup; however:
  Package ros-kinetic-turtlebot-bringup is not configured yet.
 ros-kinetic-turtlebot depends on ros-kinetic-turtlebot-teleop; however:
  Package ros-kinetic-turtlebot-teleop is not configured yet.

dpkg: error processing package ros-kinetic-turtlebot (--configure):
 dependency problems - leaving unconfigured
Setting up git-core (1:2.7.4-0ubuntu1) ...
Processing triggers for libc-bin (2.23-0ubuntu10) ...
Errors were encountered while processing:
 ros-kinetic-librealsense
 ros-kinetic-realsense-camera
 ros-kinetic-turtlebot-bringup
 ros-kinetic-turtlebot-teleop
 ros-kinetic-turtlebot
E: Sub-process /usr/bin/dpkg returned an error code (1)
ERROR: the following rosdeps failed to install
  apt: command [sudo -H apt-get install -y git-core] failed
